==============================================================================
Tasks :: A web scrapper robot. It Opens a website. It Stores the web page C...
==============================================================================
Store Web Page Content                                                | PASS |
------------------------------------------------------------------------------
Store Web Page Content                                                | PASS |
------------------------------------------------------------------------------
Store Web Page Content                                                | PASS |
------------------------------------------------------------------------------
Store Web Page Content                                                | PASS |
------------------------------------------------------------------------------
Store Web Page Content                                                | PASS |
------------------------------------------------------------------------------
Minimal task                                                          | PASS |
------------------------------------------------------------------------------
Tasks :: A web scrapper robot. It Opens a website. It Stores the w... | PASS |
6 tasks, 6 passed, 0 failed
==============================================================================
Output:  e:\Internshala\1-Xorion Technologies Pvt Ltd., Nagpur\Projects\Web scraper robot\output\output.xml
Log:     e:\Internshala\1-Xorion Technologies Pvt Ltd., Nagpur\Projects\Web scraper robot\output\log.html
